12:25:06.227 Test Environment Selected :  
12:25:06.967 request:
1 > GET https://body-mass-index-bmi-calculator.p.rapidapi.com/imperial?weight=200&height=68
1 > Accept-Encoding: gzip,deflate
1 > Connection: Keep-Alive
1 > Host: body-mass-index-bmi-calculator.p.rapidapi.com
1 > User-Agent: Apache-HttpClient/4.5.11 (Java/1.8.0_271)
1 > x-rapidapi-host: body-mass-index-bmi-calculator.p.rapidapi.com
1 > x-rapidapi-key: 79b4e3e020msh96182e0b1ca3bdcp1c86edjsnd6897ac5ed53

12:25:08.416 response time in milliseconds: 1447.78
1 < 200
1 < Connection: keep-alive
1 < Content-Length: 75
1 < Content-Type: application/json
1 < Date: Mon, 31 May 2021 06:55:10 GMT
1 < Server: RapidAPI-1.2.8
1 < X-Amzn-Trace-Id: Root=1-60b4884d-3681275462c8f08f0fa69093;Sampled=0
1 < X-RapidAPI-Region: AWS - ap-southeast-1
1 < X-RapidAPI-Version: 1.2.8
1 < X-RateLimit-Requests-Limit: 100
1 < X-RateLimit-Requests-Remaining: 57
1 < X-RateLimit-Requests-Reset: 2364727
1 < x-amz-apigw-id: ALo8NFrbCYcFWsw=
1 < x-amzn-RequestId: 7c664d5e-bed4-45dd-961b-73dca00d16a5
{"bmi":30.406574394463668,"weight":"200","height":"68","weightCategory":""}

12:25:08.440 request:
1 > GET https://body-mass-index-bmi-calculator.p.rapidapi.com/weight-category?bmi=30.406574394463668
1 > Accept-Encoding: gzip,deflate
1 > Connection: Keep-Alive
1 > Host: body-mass-index-bmi-calculator.p.rapidapi.com
1 > User-Agent: Apache-HttpClient/4.5.11 (Java/1.8.0_271)
1 > x-rapidapi-host: body-mass-index-bmi-calculator.p.rapidapi.com
1 > x-rapidapi-key: 79b4e3e020msh96182e0b1ca3bdcp1c86edjsnd6897ac5ed53

12:25:09.584 response time in milliseconds: 1143.74
1 < 200
1 < Connection: keep-alive
1 < Content-Length: 76
1 < Content-Type: application/json
1 < Date: Mon, 31 May 2021 06:55:11 GMT
1 < Server: RapidAPI-1.2.8
1 < X-Amzn-Trace-Id: Root=1-60b4884f-65961c4f554779bd3c930fa2;Sampled=0
1 < X-RapidAPI-Region: AWS - ap-southeast-1
1 < X-RapidAPI-Version: 1.2.8
1 < X-RateLimit-Requests-Limit: 100
1 < X-RateLimit-Requests-Remaining: 56
1 < X-RateLimit-Requests-Reset: 2364726
1 < x-amz-apigw-id: ALo8ZFGwiYcFx3Q=
1 < x-amzn-RequestId: 8bf8d26d-1273-4985-82f4-309a72b38c55
{"bmi":"30.406574394463668","weightCategory":"Obese","ObeseClass":"Class 1"}

12:25:09.586 [print] Calculated BMI--- 30.406574394463668
12:25:09.590 [print] Weight Category--- Obese
12:25:09.642 Test Environment Selected :  
12:25:09.651 request:
1 > POST https://petstore.swagger.io/v2/user
1 > Accept-Encoding: gzip,deflate
1 > Connection: Keep-Alive
1 > Content-Length: 161
1 > Content-Type: application/json; charset=UTF-8
1 > Host: petstore.swagger.io
1 > User-Agent: Apache-HttpClient/4.5.11 (Java/1.8.0_271)
{"id":11,"username":"Jack123","firstName":"Jack","lastName":"Sparrow","email":"jacksparrow@gmail.com","password":"Jack@1234","phone":"9003061057","userStatus":0}

12:25:10.840 response time in milliseconds: 1187.47
1 < 200
1 < Access-Control-Allow-Headers: Content-Type, api_key, Authorization
1 < Access-Control-Allow-Methods: GET, POST, DELETE, PUT
1 < Access-Control-Allow-Origin: *
1 < Connection: keep-alive
1 < Content-Type: application/json
1 < Date: Mon, 31 May 2021 06:55:12 GMT
1 < Server: Jetty(9.2.9.v20150224)
1 < Transfer-Encoding: chunked
{"code":200,"type":"unknown","message":"11"}

12:25:10.841 [print] {
  "code": 200,
  "type": "unknown",
  "message": "11"
}

12:25:10.861 [print] Date Match Status false
12:25:10.868 Test Environment Selected :  
12:25:10.879 request:
1 > POST https://petstore.swagger.io/v2/user/createWithArray
1 > Accept-Encoding: gzip,deflate
1 > Connection: Keep-Alive
1 > Content-Length: 498
1 > Content-Type: application/json; charset=UTF-8
1 > Host: petstore.swagger.io
1 > User-Agent: Apache-HttpClient/4.5.11 (Java/1.8.0_271)
[{"id":40,"username":"kinginnorth","firstName":"John","lastName":"Snow","email":"nighwatch@gmail.com","password":"stark@123","phone":"0123456789","userStatus":0},{"id":41,"username":"wheelbreaker","firstName":"Daenrys","lastName":"Targaryen","email":"dracarys@gmail.com","password":"Targaryen@123","phone":"0123456789","userStatus":0},{"id":41,"username":"knightking","firstName":"Long","lastName":"Night","email":"dragonblade@gmail.com","password":"Night@123","phone":"0123456789","userStatus":0}]

12:25:11.918 response time in milliseconds: 1038.05
1 < 200
1 < Access-Control-Allow-Headers: Content-Type, api_key, Authorization
1 < Access-Control-Allow-Methods: GET, POST, DELETE, PUT
1 < Access-Control-Allow-Origin: *
1 < Connection: keep-alive
1 < Content-Type: application/json
1 < Date: Mon, 31 May 2021 06:55:13 GMT
1 < Server: Jetty(9.2.9.v20150224)
1 < Transfer-Encoding: chunked
{"code":200,"type":"unknown","message":"ok"}

12:25:11.919 [print] {
  "code": 200,
  "type": "unknown",
  "message": "ok"
}

